example/FreeStuffAndCoupons/build/intermediates/manifest_merge_blame_file/release/manifest-merger-blame-release-report.txt
1<?xml version="1.0" encoding="utf-8"?>
2<manifest xmlns:android="http://schemas.android.com/apk/res/android"
3    package="tk.alexapp.freestuffandcoupons"
4    android:installLocation="preferExternal"
5    android:versionCode="17"
6    android:versionName="2.2" >
7
8    <uses-sdk
9        android:minSdkVersion="21"
10        android:targetSdkVersion="34" />
11
12    <uses-permission android:name="android.permission.INTERNET" />
12-->src\main\AndroidManifest.xml:6:5-67
12-->src\main\AndroidManifest.xml:6:22-64
13    <uses-permission android:name="android.permission.ACCESS_NETWORK_STATE" />
13-->src\main\AndroidManifest.xml:7:5-79
13-->src\main\AndroidManifest.xml:7:22-76
14    <uses-permission android:name="android.permission.WRITE_EXTERNAL_STORAGE" />
14-->src\main\AndroidManifest.xml:8:5-81
14-->src\main\AndroidManifest.xml:8:22-78
15    <!-- <application> -->
16    <!-- <activity android:exported="true" android:name=".MoreAppsActivity" -->
17    <!-- android:theme="@style/AppTheme.NoActionBar"/> -->
18    <!-- </application> -->
19    <queries>
19-->[:features:ui] AndroidManifest.xml:14:5-18:15
20        <intent>
20-->[:features:ui] AndroidManifest.xml:15:9-17:18
21            <action android:name="android.intent.action.MAIN" />
21-->src\main\AndroidManifest.xml:26:17-69
21-->src\main\AndroidManifest.xml:26:25-66
22        </intent>
23        <!-- For browser content -->
24        <intent>
24-->[com.google.android.gms:play-services-ads-lite:22.1.0] AndroidManifest.xml:35:9-41:18
25            <action android:name="android.intent.action.VIEW" />
25-->[com.google.android.gms:play-services-ads-lite:22.1.0] AndroidManifest.xml:36:13-65
25-->[com.google.android.gms:play-services-ads-lite:22.1.0] AndroidManifest.xml:36:21-62
26
27            <category android:name="android.intent.category.BROWSABLE" />
27-->[com.google.android.gms:play-services-ads-lite:22.1.0] AndroidManifest.xml:38:13-74
27-->[com.google.android.gms:play-services-ads-lite:22.1.0] AndroidManifest.xml:38:23-71
28
29            <data android:scheme="https" />
29-->[com.google.android.gms:play-services-ads-lite:22.1.0] AndroidManifest.xml:40:13-44
29-->[com.google.android.gms:play-services-ads-lite:22.1.0] AndroidManifest.xml:40:19-41
30        </intent> <!-- End of browser content -->
31        <!-- For CustomTabsService -->
32        <intent>
32-->[com.google.android.gms:play-services-ads-lite:22.1.0] AndroidManifest.xml:44:9-46:18
33            <action android:name="android.support.customtabs.action.CustomTabsService" />
33-->[com.google.android.gms:play-services-ads-lite:22.1.0] AndroidManifest.xml:45:13-90
33-->[com.google.android.gms:play-services-ads-lite:22.1.0] AndroidManifest.xml:45:21-87
34        </intent>
35    </queries>
36
37    <uses-permission android:name="android.permission.POST_NOTIFICATIONS" />
37-->[com.google.firebase:firebase-messaging:23.1.2] AndroidManifest.xml:25:5-77
37-->[com.google.firebase:firebase-messaging:23.1.2] AndroidManifest.xml:25:22-74
38    <uses-permission android:name="android.permission.WAKE_LOCK" /> <!-- Required by older versions of Google Play services to create IID tokens -->
38-->[com.google.firebase:firebase-messaging:23.1.2] AndroidManifest.xml:26:5-68
38-->[com.google.firebase:firebase-messaging:23.1.2] AndroidManifest.xml:26:22-65
39    <uses-permission android:name="com.google.android.c2dm.permission.RECEIVE" />
39-->[com.google.firebase:firebase-messaging:23.1.2] AndroidManifest.xml:28:5-82
39-->[com.google.firebase:firebase-messaging:23.1.2] AndroidManifest.xml:28:22-79
40    <uses-permission android:name="com.google.android.finsky.permission.BIND_GET_INSTALL_REFERRER_SERVICE" />
40-->[com.google.android.gms:play-services-measurement:21.3.0] AndroidManifest.xml:26:5-110
40-->[com.google.android.gms:play-services-measurement:21.3.0] AndroidManifest.xml:26:22-107
41    <uses-permission android:name="com.google.android.gms.permission.AD_ID" />
41-->[com.google.android.gms:play-services-measurement-impl:21.3.0] AndroidManifest.xml:27:5-79
41-->[com.google.android.gms:play-services-measurement-impl:21.3.0] AndroidManifest.xml:27:22-76
42    <uses-permission android:name="android.permission.FOREGROUND_SERVICE" />
42-->[androidx.work:work-runtime:2.7.0] AndroidManifest.xml:28:5-77
42-->[androidx.work:work-runtime:2.7.0] AndroidManifest.xml:28:22-74
43
44    <permission
44-->[androidx.core:core:1.13.0] AndroidManifest.xml:22:5-24:47
45        android:name="tk.alexapp.freestuffandcoupons.DYNAMIC_RECEIVER_NOT_EXPORTED_PERMISSION"
45-->[androidx.core:core:1.13.0] AndroidManifest.xml:23:9-81
46        android:protectionLevel="signature" />
46-->[androidx.core:core:1.13.0] AndroidManifest.xml:24:9-44
47
48    <uses-permission android:name="tk.alexapp.freestuffandcoupons.DYNAMIC_RECEIVER_NOT_EXPORTED_PERMISSION" />
48-->[androidx.core:core:1.13.0] AndroidManifest.xml:26:5-97
48-->[androidx.core:core:1.13.0] AndroidManifest.xml:26:22-94
49
50    <application
50-->src\main\AndroidManifest.xml:10:5-74:19
51        android:name="tk.alexapp.freestuffandcoupons.App"
51-->src\main\AndroidManifest.xml:11:9-28
52        android:allowBackup="true"
52-->src\main\AndroidManifest.xml:12:9-35
53        android:appComponentFactory="androidx.core.app.CoreComponentFactory"
53-->[androidx.core:core:1.13.0] AndroidManifest.xml:28:18-86
54        android:extractNativeLibs="true"
55        android:icon="@mipmap/ic_launcher"
55-->src\main\AndroidManifest.xml:13:9-43
56        android:largeHeap="true"
56-->src\main\AndroidManifest.xml:14:9-33
57        android:supportsRtl="true"
57-->src\main\AndroidManifest.xml:15:9-35
58        android:theme="@style/AppTheme"
58-->src\main\AndroidManifest.xml:16:9-40
59        android:title="@string/app_name" >
59-->src\main\AndroidManifest.xml:17:9-41
60        <activity
60-->src\main\AndroidManifest.xml:20:9-30:20
61            android:name="tk.alexapp.freestuffandcoupons.activity.MainActivity"
61-->src\main\AndroidManifest.xml:21:13-50
62            android:exported="true"
62-->src\main\AndroidManifest.xml:22:13-36
63            android:label="@string/app_name"
63-->src\main\AndroidManifest.xml:23:13-45
64            android:theme="@style/AppTheme.NoActionBar" >
64-->src\main\AndroidManifest.xml:24:13-56
65            <intent-filter>
65-->src\main\AndroidManifest.xml:25:13-29:29
66                <action android:name="android.intent.action.MAIN" />
66-->src\main\AndroidManifest.xml:26:17-69
66-->src\main\AndroidManifest.xml:26:25-66
67
68                <category android:name="android.intent.category.LAUNCHER" />
68-->src\main\AndroidManifest.xml:28:17-77
68-->src\main\AndroidManifest.xml:28:27-74
69            </intent-filter>
70        </activity>
71        <activity
71-->src\main\AndroidManifest.xml:31:9-33:39
72            android:name="tk.alexapp.freestuffandcoupons.activity.MediaStoreDownloads"
72-->src\main\AndroidManifest.xml:32:13-57
73            android:exported="true" />
73-->src\main\AndroidManifest.xml:33:13-36
74
75        <meta-data
75-->src\main\AndroidManifest.xml:35:9-37:54
76            android:name="com.google.firebase.messaging.default_notification_icon"
76-->src\main\AndroidManifest.xml:36:13-83
77            android:resource="@mipmap/ic_launcher" />
77-->src\main\AndroidManifest.xml:37:13-51
78        <meta-data
78-->src\main\AndroidManifest.xml:38:9-40:53
79            android:name="com.google.firebase.messaging.default_notification_color"
79-->src\main\AndroidManifest.xml:39:13-84
80            android:resource="@color/colorAccent" />
80-->src\main\AndroidManifest.xml:40:13-50
81
82        <service
82-->src\main\AndroidManifest.xml:42:9-49:19
83            android:name="tk.alexapp.freestuffandcoupons.MyFirebaseMessagingService"
83-->src\main\AndroidManifest.xml:43:13-55
84            android:exported="true" >
84-->src\main\AndroidManifest.xml:44:13-36
85            <intent-filter>
85-->src\main\AndroidManifest.xml:46:13-48:29
86                <action android:name="com.google.firebase.MESSAGING_EVENT" />
86-->src\main\AndroidManifest.xml:47:17-78
86-->src\main\AndroidManifest.xml:47:25-75
87            </intent-filter>
88        </service>
89
90        <!-- <service android:name=".MyFirebaseInstanceIDService" -->
91        <!-- android:exported="false"> -->
92        <!-- <intent-filter> -->
93        <!-- <action android:name="com.google.firebase.INSTANCE_ID_EVENT" /> -->
94        <!-- </intent-filter> -->
95        <!-- </service> -->
96
97        <meta-data
97-->src\main\AndroidManifest.xml:58:9-60:50
98            android:name="com.google.android.gms.ads.APPLICATION_ID"
98-->src\main\AndroidManifest.xml:59:13-69
99            android:value="@string/admobAppId" />
99-->src\main\AndroidManifest.xml:60:13-47
100
101        <receiver
101-->src\main\AndroidManifest.xml:62:9-71:20
102            android:name="tk.alexapp.freestuffandcoupons.TimeSettingsChangeReceiver"
102-->src\main\AndroidManifest.xml:63:13-55
103            android:exported="false" >
103-->src\main\AndroidManifest.xml:64:13-37
104            <intent-filter>
104-->src\main\AndroidManifest.xml:65:13-70:29
105                <action android:name="android.intent.action.TIME_SET" />
105-->src\main\AndroidManifest.xml:66:17-73
105-->src\main\AndroidManifest.xml:66:25-70
106                <action android:name="android.intent.action.TIMEZONE_CHANGED" />
106-->src\main\AndroidManifest.xml:67:17-81
106-->src\main\AndroidManifest.xml:67:25-78
107                <action android:name="android.intent.action.LOCALE_CHANGED" />
107-->src\main\AndroidManifest.xml:68:17-79
107-->src\main\AndroidManifest.xml:68:25-76
108            </intent-filter>
109        </receiver>
110
111        <provider
111-->[com.squareup.picasso:picasso:2.71828] AndroidManifest.xml:8:9-11:40
112            android:name="com.squareup.picasso.PicassoProvider"
112-->[com.squareup.picasso:picasso:2.71828] AndroidManifest.xml:9:13-64
113            android:authorities="tk.alexapp.freestuffandcoupons.com.squareup.picasso"
113-->[com.squareup.picasso:picasso:2.71828] AndroidManifest.xml:10:13-72
114            android:exported="false" />
114-->[com.squareup.picasso:picasso:2.71828] AndroidManifest.xml:11:13-37
115
116        <receiver
116-->[com.google.firebase:firebase-messaging:23.1.2] AndroidManifest.xml:31:9-38:20
117            android:name="com.google.firebase.iid.FirebaseInstanceIdReceiver"
117-->[com.google.firebase:firebase-messaging:23.1.2] AndroidManifest.xml:32:13-78
118            android:exported="true"
118-->[com.google.firebase:firebase-messaging:23.1.2] AndroidManifest.xml:33:13-36
119            android:permission="com.google.android.c2dm.permission.SEND" >
119-->[com.google.firebase:firebase-messaging:23.1.2] AndroidManifest.xml:34:13-73
120            <intent-filter>
120-->[com.google.firebase:firebase-messaging:23.1.2] AndroidManifest.xml:35:13-37:29
121                <action android:name="com.google.android.c2dm.intent.RECEIVE" />
121-->[com.google.firebase:firebase-messaging:23.1.2] AndroidManifest.xml:36:17-81
121-->[com.google.firebase:firebase-messaging:23.1.2] AndroidManifest.xml:36:25-78
122            </intent-filter>
123        </receiver>
124        <!--
125             FirebaseMessagingService performs security checks at runtime,
126             but set to not exported to explicitly avoid allowing another app to call it.
127        -->
128        <service
128-->[com.google.firebase:firebase-messaging:23.1.2] AndroidManifest.xml:44:9-51:19
129            android:name="com.google.firebase.messaging.FirebaseMessagingService"
129-->[com.google.firebase:firebase-messaging:23.1.2] AndroidManifest.xml:45:13-82
130            android:directBootAware="true"
130-->[com.google.firebase:firebase-messaging:23.1.2] AndroidManifest.xml:46:13-43
131            android:exported="false" >
131-->[com.google.firebase:firebase-messaging:23.1.2] AndroidManifest.xml:47:13-37
132            <intent-filter android:priority="-500" >
132-->src\main\AndroidManifest.xml:46:13-48:29
133                <action android:name="com.google.firebase.MESSAGING_EVENT" />
133-->src\main\AndroidManifest.xml:47:17-78
133-->src\main\AndroidManifest.xml:47:25-75
134            </intent-filter>
135        </service>
136        <service
136-->[com.google.firebase:firebase-messaging:23.1.2] AndroidManifest.xml:52:9-58:19
137            android:name="com.google.firebase.components.ComponentDiscoveryService"
137-->[com.google.firebase:firebase-messaging:23.1.2] AndroidManifest.xml:53:13-84
138            android:directBootAware="true"
138-->[com.google.firebase:firebase-common:20.3.3] AndroidManifest.xml:34:13-43
139            android:exported="false" >
139-->[com.google.firebase:firebase-messaging:23.1.2] AndroidManifest.xml:54:13-37
140            <meta-data
140-->[com.google.firebase:firebase-messaging:23.1.2] AndroidManifest.xml:55:13-57:85
141                android:name="com.google.firebase.components:com.google.firebase.messaging.FirebaseMessagingRegistrar"
141-->[com.google.firebase:firebase-messaging:23.1.2] AndroidManifest.xml:56:17-119
142                android:value="com.google.firebase.components.ComponentRegistrar" />
142-->[com.google.firebase:firebase-messaging:23.1.2] AndroidManifest.xml:57:17-82
143            <meta-data
143-->[com.google.firebase:firebase-crashlytics:18.4.1] AndroidManifest.xml:15:13-17:85
144                android:name="com.google.firebase.components:com.google.firebase.crashlytics.CrashlyticsRegistrar"
144-->[com.google.firebase:firebase-crashlytics:18.4.1] AndroidManifest.xml:16:17-115
145                android:value="com.google.firebase.components.ComponentRegistrar" />
145-->[com.google.firebase:firebase-crashlytics:18.4.1] AndroidManifest.xml:17:17-82
146            <meta-data
146-->[com.google.firebase:firebase-sessions:1.0.2] AndroidManifest.xml:25:13-27:85
147                android:name="com.google.firebase.components:com.google.firebase.sessions.FirebaseSessionsRegistrar"
147-->[com.google.firebase:firebase-sessions:1.0.2] AndroidManifest.xml:26:17-117
148                android:value="com.google.firebase.components.ComponentRegistrar" />
148-->[com.google.firebase:firebase-sessions:1.0.2] AndroidManifest.xml:27:17-82
149            <meta-data
149-->[com.google.firebase:firebase-datatransport:18.1.8] AndroidManifest.xml:27:13-29:85
150                android:name="com.google.firebase.components:com.google.firebase.datatransport.TransportRegistrar"
150-->[com.google.firebase:firebase-datatransport:18.1.8] AndroidManifest.xml:28:17-115
151                android:value="com.google.firebase.components.ComponentRegistrar" />
151-->[com.google.firebase:firebase-datatransport:18.1.8] AndroidManifest.xml:29:17-82
152            <meta-data
152-->[com.google.firebase:firebase-analytics-ktx:21.3.0] AndroidManifest.xml:11:13-13:85
153                android:name="com.google.firebase.components:com.google.firebase.analytics.ktx.FirebaseAnalyticsKtxRegistrar"
153-->[com.google.firebase:firebase-analytics-ktx:21.3.0] AndroidManifest.xml:12:17-126
154                android:value="com.google.firebase.components.ComponentRegistrar" />
154-->[com.google.firebase:firebase-analytics-ktx:21.3.0] AndroidManifest.xml:13:17-82
155            <meta-data
155-->[com.google.firebase:firebase-common-ktx:20.3.3] AndroidManifest.xml:14:13-16:85
156                android:name="com.google.firebase.components:com.google.firebase.ktx.FirebaseCommonKtxRegistrar"
156-->[com.google.firebase:firebase-common-ktx:20.3.3] AndroidManifest.xml:15:17-113
157                android:value="com.google.firebase.components.ComponentRegistrar" />
157-->[com.google.firebase:firebase-common-ktx:20.3.3] AndroidManifest.xml:16:17-82
158            <meta-data
158-->[com.google.android.gms:play-services-measurement-api:21.3.0] AndroidManifest.xml:31:13-33:85
159                android:name="com.google.firebase.components:com.google.firebase.analytics.connector.internal.AnalyticsConnectorRegistrar"
159-->[com.google.android.gms:play-services-measurement-api:21.3.0] AndroidManifest.xml:32:17-139
160                android:value="com.google.firebase.components.ComponentRegistrar" />
160-->[com.google.android.gms:play-services-measurement-api:21.3.0] AndroidManifest.xml:33:17-82
161            <meta-data
161-->[com.google.firebase:firebase-installations:17.1.3] AndroidManifest.xml:17:13-19:85
162                android:name="com.google.firebase.components:com.google.firebase.installations.FirebaseInstallationsRegistrar"
162-->[com.google.firebase:firebase-installations:17.1.3] AndroidManifest.xml:18:17-127
163                android:value="com.google.firebase.components.ComponentRegistrar" />
163-->[com.google.firebase:firebase-installations:17.1.3] AndroidManifest.xml:19:17-82
164        </service>
165        <service
165-->[com.google.android.datatransport:transport-backend-cct:3.1.9] AndroidManifest.xml:28:9-34:19
166            android:name="com.google.android.datatransport.runtime.backends.TransportBackendDiscovery"
166-->[com.google.android.datatransport:transport-backend-cct:3.1.9] AndroidManifest.xml:29:13-103
167            android:exported="false" >
167-->[com.google.android.datatransport:transport-backend-cct:3.1.9] AndroidManifest.xml:30:13-37
168            <meta-data
168-->[com.google.android.datatransport:transport-backend-cct:3.1.9] AndroidManifest.xml:31:13-33:39
169                android:name="backend:com.google.android.datatransport.cct.CctBackendFactory"
169-->[com.google.android.datatransport:transport-backend-cct:3.1.9] AndroidManifest.xml:32:17-94
170                android:value="cct" />
170-->[com.google.android.datatransport:transport-backend-cct:3.1.9] AndroidManifest.xml:33:17-36
171        </service>
172
173        <activity
173-->[com.google.android.gms:play-services-base:18.0.1] AndroidManifest.xml:20:9-22:45
174            android:name="com.google.android.gms.common.api.GoogleApiActivity"
174-->[com.google.android.gms:play-services-base:18.0.1] AndroidManifest.xml:20:19-85
175            android:exported="false"
175-->[com.google.android.gms:play-services-base:18.0.1] AndroidManifest.xml:22:19-43
176            android:theme="@android:style/Theme.Translucent.NoTitleBar" />
176-->[com.google.android.gms:play-services-base:18.0.1] AndroidManifest.xml:21:19-78
177
178        <receiver
178-->[com.google.android.gms:play-services-measurement:21.3.0] AndroidManifest.xml:29:9-33:20
179            android:name="com.google.android.gms.measurement.AppMeasurementReceiver"
179-->[com.google.android.gms:play-services-measurement:21.3.0] AndroidManifest.xml:30:13-85
180            android:enabled="true"
180-->[com.google.android.gms:play-services-measurement:21.3.0] AndroidManifest.xml:31:13-35
181            android:exported="false" >
181-->[com.google.android.gms:play-services-measurement:21.3.0] AndroidManifest.xml:32:13-37
182        </receiver>
183
184        <service
184-->[com.google.android.gms:play-services-measurement:21.3.0] AndroidManifest.xml:35:9-38:40
185            android:name="com.google.android.gms.measurement.AppMeasurementService"
185-->[com.google.android.gms:play-services-measurement:21.3.0] AndroidManifest.xml:36:13-84
186            android:enabled="true"
186-->[com.google.android.gms:play-services-measurement:21.3.0] AndroidManifest.xml:37:13-35
187            android:exported="false" />
187-->[com.google.android.gms:play-services-measurement:21.3.0] AndroidManifest.xml:38:13-37
188        <service
188-->[com.google.android.gms:play-services-measurement:21.3.0] AndroidManifest.xml:39:9-43:72
189            android:name="com.google.android.gms.measurement.AppMeasurementJobService"
189-->[com.google.android.gms:play-services-measurement:21.3.0] AndroidManifest.xml:40:13-87
190            android:enabled="true"
190-->[com.google.android.gms:play-services-measurement:21.3.0] AndroidManifest.xml:41:13-35
191            android:exported="false"
191-->[com.google.android.gms:play-services-measurement:21.3.0] AndroidManifest.xml:42:13-37
192            android:permission="android.permission.BIND_JOB_SERVICE" /> <!-- Include the AdActivity and InAppPurchaseActivity configChanges and themes. -->
192-->[com.google.android.gms:play-services-measurement:21.3.0] AndroidManifest.xml:43:13-69
193        <activity
193-->[com.google.android.gms:play-services-ads-lite:22.1.0] AndroidManifest.xml:53:9-58:43
194            android:name="com.google.android.gms.ads.AdActivity"
194-->[com.google.android.gms:play-services-ads-lite:22.1.0] AndroidManifest.xml:54:13-65
195            android:configChanges="keyboard|keyboardHidden|orientation|screenLayout|uiMode|screenSize|smallestScreenSize"
195-->[com.google.android.gms:play-services-ads-lite:22.1.0] AndroidManifest.xml:55:13-122
196            android:exported="false"
196-->[com.google.android.gms:play-services-ads-lite:22.1.0] AndroidManifest.xml:56:13-37
197            android:theme="@android:style/Theme.Translucent" />
197-->[com.google.android.gms:play-services-ads-lite:22.1.0] AndroidManifest.xml:57:13-61
198
199        <provider
199-->[com.google.android.gms:play-services-ads-lite:22.1.0] AndroidManifest.xml:60:9-65:43
200            android:name="com.google.android.gms.ads.MobileAdsInitProvider"
200-->[com.google.android.gms:play-services-ads-lite:22.1.0] AndroidManifest.xml:61:13-76
201            android:authorities="tk.alexapp.freestuffandcoupons.mobileadsinitprovider"
201-->[com.google.android.gms:play-services-ads-lite:22.1.0] AndroidManifest.xml:62:13-73
202            android:exported="false"
202-->[com.google.android.gms:play-services-ads-lite:22.1.0] AndroidManifest.xml:63:13-37
203            android:initOrder="100" />
203-->[com.google.android.gms:play-services-ads-lite:22.1.0] AndroidManifest.xml:64:13-36
204
205        <service
205-->[com.google.android.gms:play-services-ads-lite:22.1.0] AndroidManifest.xml:67:9-71:43
206            android:name="com.google.android.gms.ads.AdService"
206-->[com.google.android.gms:play-services-ads-lite:22.1.0] AndroidManifest.xml:68:13-64
207            android:enabled="true"
207-->[com.google.android.gms:play-services-ads-lite:22.1.0] AndroidManifest.xml:69:13-35
208            android:exported="false" />
208-->[com.google.android.gms:play-services-ads-lite:22.1.0] AndroidManifest.xml:70:13-37
209
210        <activity
210-->[com.google.android.gms:play-services-ads-lite:22.1.0] AndroidManifest.xml:73:9-77:43
211            android:name="com.google.android.gms.ads.OutOfContextTestingActivity"
211-->[com.google.android.gms:play-services-ads-lite:22.1.0] AndroidManifest.xml:74:13-82
212            android:configChanges="keyboard|keyboardHidden|orientation|screenLayout|uiMode|screenSize|smallestScreenSize"
212-->[com.google.android.gms:play-services-ads-lite:22.1.0] AndroidManifest.xml:75:13-122
213            android:exported="false" />
213-->[com.google.android.gms:play-services-ads-lite:22.1.0] AndroidManifest.xml:76:13-37
214
215        <provider
215-->[com.google.firebase:firebase-common:20.3.3] AndroidManifest.xml:25:9-30:39
216            android:name="com.google.firebase.provider.FirebaseInitProvider"
216-->[com.google.firebase:firebase-common:20.3.3] AndroidManifest.xml:26:13-77
217            android:authorities="tk.alexapp.freestuffandcoupons.firebaseinitprovider"
217-->[com.google.firebase:firebase-common:20.3.3] AndroidManifest.xml:27:13-72
218            android:directBootAware="true"
218-->[com.google.firebase:firebase-common:20.3.3] AndroidManifest.xml:28:13-43
219            android:exported="false"
219-->[com.google.firebase:firebase-common:20.3.3] AndroidManifest.xml:29:13-37
220            android:initOrder="100" />
220-->[com.google.firebase:firebase-common:20.3.3] AndroidManifest.xml:30:13-36
221
222        <meta-data
222-->[com.google.android.gms:play-services-basement:18.1.0] AndroidManifest.xml:21:9-23:69
223            android:name="com.google.android.gms.version"
223-->[com.google.android.gms:play-services-basement:18.1.0] AndroidManifest.xml:22:13-58
224            android:value="@integer/google_play_services_version" />
224-->[com.google.android.gms:play-services-basement:18.1.0] AndroidManifest.xml:23:13-66
225
226        <provider
226-->[androidx.emoji2:emoji2:1.3.0] AndroidManifest.xml:24:9-32:20
227            android:name="androidx.startup.InitializationProvider"
227-->[androidx.emoji2:emoji2:1.3.0] AndroidManifest.xml:25:13-67
228            android:authorities="tk.alexapp.freestuffandcoupons.androidx-startup"
228-->[androidx.emoji2:emoji2:1.3.0] AndroidManifest.xml:26:13-68
229            android:exported="false" >
229-->[androidx.emoji2:emoji2:1.3.0] AndroidManifest.xml:27:13-37
230            <meta-data
230-->[androidx.emoji2:emoji2:1.3.0] AndroidManifest.xml:29:13-31:52
231                android:name="androidx.emoji2.text.EmojiCompatInitializer"
231-->[androidx.emoji2:emoji2:1.3.0] AndroidManifest.xml:30:17-75
232                android:value="androidx.startup" />
232-->[androidx.emoji2:emoji2:1.3.0] AndroidManifest.xml:31:17-49
233            <meta-data
233-->[androidx.work:work-runtime:2.7.0] AndroidManifest.xml:36:13-38:52
234                android:name="androidx.work.WorkManagerInitializer"
234-->[androidx.work:work-runtime:2.7.0] AndroidManifest.xml:37:17-68
235                android:value="androidx.startup" />
235-->[androidx.work:work-runtime:2.7.0] AndroidManifest.xml:38:17-49
236            <meta-data
236-->[androidx.lifecycle:lifecycle-process:2.6.2] AndroidManifest.xml:29:13-31:52
237                android:name="androidx.lifecycle.ProcessLifecycleInitializer"
237-->[androidx.lifecycle:lifecycle-process:2.6.2] AndroidManifest.xml:30:17-78
238                android:value="androidx.startup" />
238-->[androidx.lifecycle:lifecycle-process:2.6.2] AndroidManifest.xml:31:17-49
239            <meta-data
239-->[androidx.profileinstaller:profileinstaller:1.3.1] AndroidManifest.xml:29:13-31:52
240                android:name="androidx.profileinstaller.ProfileInstallerInitializer"
240-->[androidx.profileinstaller:profileinstaller:1.3.1] AndroidManifest.xml:30:17-85
241                android:value="androidx.startup" />
241-->[androidx.profileinstaller:profileinstaller:1.3.1] AndroidManifest.xml:31:17-49
242        </provider>
243
244        <service
244-->[androidx.work:work-runtime:2.7.0] AndroidManifest.xml:41:9-46:35
245            android:name="androidx.work.impl.background.systemalarm.SystemAlarmService"
245-->[androidx.work:work-runtime:2.7.0] AndroidManifest.xml:42:13-88
246            android:directBootAware="false"
246-->[androidx.work:work-runtime:2.7.0] AndroidManifest.xml:43:13-44
247            android:enabled="@bool/enable_system_alarm_service_default"
247-->[androidx.work:work-runtime:2.7.0] AndroidManifest.xml:44:13-72
248            android:exported="false" />
248-->[androidx.work:work-runtime:2.7.0] AndroidManifest.xml:45:13-37
249        <service
249-->[androidx.work:work-runtime:2.7.0] AndroidManifest.xml:47:9-53:35
250            android:name="androidx.work.impl.background.systemjob.SystemJobService"
250-->[androidx.work:work-runtime:2.7.0] AndroidManifest.xml:48:13-84
251            android:directBootAware="false"
251-->[androidx.work:work-runtime:2.7.0] AndroidManifest.xml:49:13-44
252            android:enabled="@bool/enable_system_job_service_default"
252-->[androidx.work:work-runtime:2.7.0] AndroidManifest.xml:50:13-70
253            android:exported="true"
253-->[androidx.work:work-runtime:2.7.0] AndroidManifest.xml:51:13-36
254            android:permission="android.permission.BIND_JOB_SERVICE" />
254-->[androidx.work:work-runtime:2.7.0] AndroidManifest.xml:52:13-69
255        <service
255-->[androidx.work:work-runtime:2.7.0] AndroidManifest.xml:54:9-59:35
256            android:name="androidx.work.impl.foreground.SystemForegroundService"
256-->[androidx.work:work-runtime:2.7.0] AndroidManifest.xml:55:13-81
257            android:directBootAware="false"
257-->[androidx.work:work-runtime:2.7.0] AndroidManifest.xml:56:13-44
258            android:enabled="@bool/enable_system_foreground_service_default"
258-->[androidx.work:work-runtime:2.7.0] AndroidManifest.xml:57:13-77
259            android:exported="false" />
259-->[androidx.work:work-runtime:2.7.0] AndroidManifest.xml:58:13-37
260
261        <receiver
261-->[androidx.work:work-runtime:2.7.0] AndroidManifest.xml:61:9-66:35
262            android:name="androidx.work.impl.utils.ForceStopRunnable$BroadcastReceiver"
262-->[androidx.work:work-runtime:2.7.0] AndroidManifest.xml:62:13-88
263            android:directBootAware="false"
263-->[androidx.work:work-runtime:2.7.0] AndroidManifest.xml:63:13-44
264            android:enabled="true"
264-->[androidx.work:work-runtime:2.7.0] AndroidManifest.xml:64:13-35
265            android:exported="false" />
265-->[androidx.work:work-runtime:2.7.0] AndroidManifest.xml:65:13-37
266        <receiver
266-->[androidx.work:work-runtime:2.7.0] AndroidManifest.xml:67:9-77:20
267            android:name="androidx.work.impl.background.systemalarm.ConstraintProxy$BatteryChargingProxy"
267-->[androidx.work:work-runtime:2.7.0] AndroidManifest.xml:68:13-106
268            android:directBootAware="false"
268-->[androidx.work:work-runtime:2.7.0] AndroidManifest.xml:69:13-44
269            android:enabled="false"
269-->[androidx.work:work-runtime:2.7.0] AndroidManifest.xml:70:13-36
270            android:exported="false" >
270-->[androidx.work:work-runtime:2.7.0] AndroidManifest.xml:71:13-37
271            <intent-filter>
271-->[androidx.work:work-runtime:2.7.0] AndroidManifest.xml:73:13-76:29
272                <action android:name="android.intent.action.ACTION_POWER_CONNECTED" />
272-->[androidx.work:work-runtime:2.7.0] AndroidManifest.xml:74:17-87
272-->[androidx.work:work-runtime:2.7.0] AndroidManifest.xml:74:25-84
273                <action android:name="android.intent.action.ACTION_POWER_DISCONNECTED" />
273-->[androidx.work:work-runtime:2.7.0] AndroidManifest.xml:75:17-90